<?xml version="1.0" encoding="UTF-8"?>
<testng-results total="1" passed="0" failed="0" skipped="1">
  <reporter-output>
  </reporter-output>
  <suite started-at="2021-09-19T13:28:04Z" name="Default suite" finished-at="2021-09-19T13:28:04Z" duration-ms="23">
    <groups>
    </groups>
    <test started-at="2021-09-19T13:28:04Z" name="Default test" finished-at="2021-09-19T13:28:04Z" duration-ms="23">
      <class name="testNGtcs.UserStory3">
        <test-method is-config="true" signature="loadGeneralTestData()[pri:0, instance:testNGtcs.UserStory3@5b3f61ff]" started-at="2021-09-19T10:28:04Z" name="loadGeneralTestData" finished-at="2021-09-19T10:28:04Z" duration-ms="0" status="FAIL">
          <exception class="java.lang.Error">
            <message>
              <![CDATA[Unresolved compilation problems: 
	FileInputStream cannot be resolved to a type
	FileInputStream cannot be resolved to a type
]]>
            </message>
            <full-stacktrace>
              <![CDATA[java.lang.Error: Unresolved compilation problems: 
	FileInputStream cannot be resolved to a type
	FileInputStream cannot be resolved to a type

	at resources.Excel.get(Excel.java:24)
	at resources.MyUtilities.readXLfile(MyUtilities.java:94)
	at resources.Base.loadGeneralTestData(Base.java:84)
	at java.base/jdk.internal.reflect.NativeMethodAccessorImpl.invoke0(Native Method)
	at java.base/jdk.internal.reflect.NativeMethodAccessorImpl.invoke(NativeMethodAccessorImpl.java:64)
	at java.base/jdk.internal.reflect.DelegatingMethodAccessorImpl.invoke(DelegatingMethodAccessorImpl.java:43)
	at java.base/java.lang.reflect.Method.invoke(Method.java:564)
	at org.testng.internal.MethodInvocationHelper.invokeMethod(MethodInvocationHelper.java:80)
	at org.testng.internal.Invoker.invokeConfigurationMethod(Invoker.java:564)
	at org.testng.internal.Invoker.invokeConfigurations(Invoker.java:213)
	at org.testng.internal.Invoker.invokeConfigurations(Invoker.java:138)
	at org.testng.SuiteRunner.privateRun(SuiteRunner.java:277)
	at org.testng.SuiteRunner.run(SuiteRunner.java:240)
	at org.testng.SuiteRunnerWorker.runSuite(SuiteRunnerWorker.java:52)
	at org.testng.SuiteRunnerWorker.run(SuiteRunnerWorker.java:86)
	at org.testng.TestNG.runSuitesSequentially(TestNG.java:1198)
	at org.testng.TestNG.runSuitesLocally(TestNG.java:1123)
	at org.testng.TestNG.run(TestNG.java:1031)
	at org.testng.remote.AbstractRemoteTestNG.run(AbstractRemoteTestNG.java:115)
	at org.testng.remote.RemoteTestNG.initAndRun(RemoteTestNG.java:251)
	at org.testng.remote.RemoteTestNG.main(RemoteTestNG.java:77)
]]>
            </full-stacktrace>
          </exception> <!-- java.lang.Error -->
          <reporter-output>
          </reporter-output>
        </test-method> <!-- loadGeneralTestData -->
        <test-method is-config="true" signature="a_initializeBrowser()[pri:0, instance:testNGtcs.UserStory3@5b3f61ff]" started-at="2021-09-19T10:28:04Z" name="a_initializeBrowser" finished-at="2021-09-19T10:28:04Z" duration-ms="0" status="SKIP">
          <reporter-output>
          </reporter-output>
        </test-method> <!-- a_initializeBrowser -->
        <test-method is-config="true" signature="b_logToAccountNaccesApp()[pri:0, instance:testNGtcs.UserStory3@5b3f61ff]" started-at="2021-09-19T10:28:04Z" name="b_logToAccountNaccesApp" finished-at="2021-09-19T10:28:04Z" duration-ms="0" status="SKIP">
          <reporter-output>
          </reporter-output>
        </test-method> <!-- b_logToAccountNaccesApp -->
        <test-method signature="run_US3_TC1()[pri:0, instance:testNGtcs.UserStory3@5b3f61ff]" started-at="2021-09-19T10:28:04Z" name="run_US3_TC1" finished-at="2021-09-19T10:28:04Z" duration-ms="1" status="SKIP">
          <reporter-output>
          </reporter-output>
        </test-method> <!-- run_US3_TC1 -->
        <test-method is-config="true" signature="closeBrowser()[pri:0, instance:testNGtcs.UserStory3@5b3f61ff]" started-at="2021-09-19T10:28:04Z" name="closeBrowser" finished-at="2021-09-19T10:28:04Z" duration-ms="0" status="SKIP">
          <reporter-output>
          </reporter-output>
        </test-method> <!-- closeBrowser -->
      </class> <!-- testNGtcs.UserStory3 -->
    </test> <!-- Default test -->
  </suite> <!-- Default suite -->
</testng-results>
