# JRE version: OpenJDK Runtime Environment (15.0.2+7) (build 15.0.2+7-27)
# Java VM: OpenJDK 64-Bit Server VM (15.0.2+7-27, mixed mode, tiered, compressed oops, g1 gc, windows-amd64)
GC Precious Log:
 CPUs: 4 total, 4 available
 Memory: 16332M
 Large Page Support: Disabled
 NUMA Support: Disabled
 Compressed Oops: Enabled (Zero based)
 Heap Region Size: 2M
 Heap Min Capacity: 8M
 Heap Initial Capacity: 256M
 Heap Max Capacity: 4084M
 Pre-touch: Disabled
 Parallel Workers: 4
 Concurrent Workers: 1
 Concurrent Refinement Workers: 4
 Periodic GC: Disabled
Heap:
 garbage-first heap   total 40960K, used 15324K [0x0000000700c00000, 0x0000000800000000)
  region size 2048K, 6 young (12288K), 2 survivors (4096K)
 Metaspace       used 29942K, capacity 30264K, committed 30384K, reserved 1077248K
  class space    used 3122K, capacity 3241K, committed 3328K, reserved 1048576K
GC Heap History (10 events):
Event: 0.802 GC heap before
{Heap before GC invocations=0 (full 0):
 garbage-first heap   total 262144K, used 10240K [0x0000000700c00000, 0x0000000800000000)
  region size 2048K, 6 young (12288K), 0 survivors (0K)
 Metaspace       used 12286K, capacity 12465K, committed 12544K, reserved 1060864K
  class space    used 1160K, capacity 1234K, committed 1280K, reserved 1048576K
}
Event: 0.806 GC heap after
{Heap after GC invocations=1 (full 0):
 garbage-first heap   total 262144K, used 4041K [0x0000000700c00000, 0x0000000800000000)
  region size 2048K, 1 young (2048K), 1 survivors (2048K)
 Metaspace       used 12286K, capacity 12465K, committed 12544K, reserved 1060864K
  class space    used 1160K, capacity 1234K, committed 1280K, reserved 1048576K
}
Event: 1.083 GC heap before
{Heap before GC invocations=1 (full 0):
 garbage-first heap   total 262144K, used 12233K [0x0000000700c00000, 0x0000000800000000)
  region size 2048K, 6 young (12288K), 1 survivors (2048K)
 Metaspace       used 16651K, capacity 16859K, committed 17152K, reserved 1064960K
  class space    used 1642K, capacity 1691K, committed 1792K, reserved 1048576K
}
Event: 1.087 GC heap after
{Heap after GC invocations=2 (full 0):
 garbage-first heap   total 262144K, used 5742K [0x0000000700c00000, 0x0000000800000000)
  region size 2048K, 1 young (2048K), 1 survivors (2048K)
 Metaspace       used 16651K, capacity 16859K, committed 17152K, reserved 1064960K
  class space    used 1642K, capacity 1691K, committed 1792K, reserved 1048576K
}
Event: 1.591 GC heap before
{Heap before GC invocations=2 (full 0):
 garbage-first heap   total 262144K, used 15982K [0x0000000700c00000, 0x0000000800000000)
  region size 2048K, 7 young (14336K), 1 survivors (2048K)
 Metaspace       used 20960K, capacity 21171K, committed 21296K, reserved 1069056K
  class space    used 2055K, capacity 2143K, committed 2176K, reserved 1048576K
}
Event: 1.595 GC heap after
{Heap after GC invocations=3 (full 0):
 garbage-first heap   total 262144K, used 6932K [0x0000000700c00000, 0x0000000800000000)
  region size 2048K, 2 young (4096K), 2 survivors (4096K)
 Metaspace       used 20960K, capacity 21171K, committed 21296K, reserved 1069056K
  class space    used 2055K, capacity 2143K, committed 2176K, reserved 1048576K
}
Event: 2.729 GC heap before
{Heap before GC invocations=4 (full 0):
 garbage-first heap   total 34816K, used 33556K [0x0000000700c00000, 0x0000000800000000)
  region size 2048K, 15 young (30720K), 2 survivors (4096K)
 Metaspace       used 28185K, capacity 28515K, committed 28592K, reserved 1075200K
  class space    used 2942K, capacity 3045K, committed 3072K, reserved 1048576K
}
Event: 2.734 GC heap after
{Heap after GC invocations=5 (full 0):
 garbage-first heap   total 40960K, used 8512K [0x0000000700c00000, 0x0000000800000000)
  region size 2048K, 3 young (6144K), 3 survivors (6144K)
 Metaspace       used 28185K, capacity 28515K, committed 28592K, reserved 1075200K
  class space    used 2942K, capacity 3045K, committed 3072K, reserved 1048576K
}
Event: 17.922 GC heap before
{Heap before GC invocations=5 (full 0):
 garbage-first heap   total 40960K, used 24896K [0x0000000700c00000, 0x0000000800000000)
  region size 2048K, 11 young (22528K), 3 survivors (6144K)
 Metaspace       used 29809K, capacity 30072K, committed 30384K, reserved 1077248K
  class space    used 3120K, capacity 3241K, committed 3328K, reserved 1048576K
}
Event: 17.926 GC heap after
{Heap after GC invocations=6 (full 0):
 garbage-first heap   total 40960K, used 9180K [0x0000000700c00000, 0x0000000800000000)
  region size 2048K, 2 young (4096K), 2 survivors (4096K)
 Metaspace       used 29809K, capacity 30072K, committed 30384K, reserved 1077248K
  class space    used 3120K, capacity 3241K, committed 3328K, reserved 1048576K
}

