<?xml version="1.0" encoding="UTF-8"?>
<!-- Generated by org.testng.reporters.JUnitXMLReporter -->
<testsuite hostname="DESKTOP-I31QPDV" failures="0" tests="1" name="Default test" time="0.023" errors="0" timestamp="19 Sep 2021 13:28:04 GMT">
  <testcase classname="testNGtcs.UserStory3" name="@BeforeSuite loadGeneralTestData" time="0.0">
    <failure type="java.lang.Error" message="Unresolved compilation problems: 
	FileInputStream cannot be resolved to a type
	FileInputStream cannot be resolved to a type
">
      <![CDATA[java.lang.Error: Unresolved compilation problems: 
	FileInputStream cannot be resolved to a type
	FileInputStream cannot be resolved to a type

	at resources.Excel.get(Excel.java:24)
	at resources.MyUtilities.readXLfile(MyUtilities.java:94)
	at resources.Base.loadGeneralTestData(Base.java:84)
	at java.base/jdk.internal.reflect.NativeMethodAccessorImpl.invoke0(Native Method)
	at java.base/jdk.internal.reflect.NativeMethodAccessorImpl.invoke(NativeMethodAccessorImpl.java:64)
	at java.base/jdk.internal.reflect.DelegatingMethodAccessorImpl.invoke(DelegatingMethodAccessorImpl.java:43)
	at java.base/java.lang.reflect.Method.invoke(Method.java:564)
	at org.testng.internal.MethodInvocationHelper.invokeMethod(MethodInvocationHelper.java:80)
	at org.testng.internal.Invoker.invokeConfigurationMethod(Invoker.java:564)
	at org.testng.internal.Invoker.invokeConfigurations(Invoker.java:213)
	at org.testng.internal.Invoker.invokeConfigurations(Invoker.java:138)
	at org.testng.SuiteRunner.privateRun(SuiteRunner.java:277)
	at org.testng.SuiteRunner.run(SuiteRunner.java:240)
	at org.testng.SuiteRunnerWorker.runSuite(SuiteRunnerWorker.java:52)
	at org.testng.SuiteRunnerWorker.run(SuiteRunnerWorker.java:86)
	at org.testng.TestNG.runSuitesSequentially(TestNG.java:1198)
	at org.testng.TestNG.runSuitesLocally(TestNG.java:1123)
	at org.testng.TestNG.run(TestNG.java:1031)
	at org.testng.remote.AbstractRemoteTestNG.run(AbstractRemoteTestNG.java:115)
	at org.testng.remote.RemoteTestNG.initAndRun(RemoteTestNG.java:251)
	at org.testng.remote.RemoteTestNG.main(RemoteTestNG.java:77)
]]>
    </failure>
  </testcase> <!-- @BeforeSuite loadGeneralTestData -->
  <testcase classname="testNGtcs.UserStory3" name="@BeforeMethod a_initializeBrowser" time="0.0">
    <skipped/>
  </testcase> <!-- @BeforeMethod a_initializeBrowser -->
  <testcase classname="testNGtcs.UserStory3" name="@BeforeMethod b_logToAccountNaccesApp" time="0.0">
    <skipped/>
  </testcase> <!-- @BeforeMethod b_logToAccountNaccesApp -->
  <testcase classname="testNGtcs.UserStory3" name="@AfterMethod closeBrowser" time="0.0">
    <skipped/>
  </testcase> <!-- @AfterMethod closeBrowser -->
  <testcase classname="testNGtcs.UserStory3" name="run_US3_TC1" time="0.001">
    <skipped/>
  </testcase> <!-- run_US3_TC1 -->
</testsuite> <!-- Default test -->
